<?xml version="1.0" encoding="UTF-8"?>
<!-- Generated by org.testng.reporters.JUnitReportReporter -->
<testsuite hostname="LAPTOP-4NMHDRLO" failures="0" tests="2" name="Adidas.CreateAccPage" time="78.506" errors="0" timestamp="2022-09-25T14:36:49 IST" skipped="0">
  <testcase classname="Adidas.CreateAccPage" name="VerifyRegisterButton" time="50.451"/>
  <system-out/>
  <testcase classname="Adidas.CreateAccPage" name="VerifyFacebookButton" time="28.055"/>
  <system-out/>
</testsuite> <!-- Adidas.CreateAccPage -->
