<?xml version="1.0" encoding="UTF-8"?>
<!-- Generated by org.testng.reporters.JUnitReportReporter -->
<testsuite hostname="LAPTOP-4NMHDRLO" failures="0" tests="2" name="Amezontest.TestNG" time="18.770" errors="0" timestamp="2022-09-20T17:32:18 IST" skipped="0">
  <testcase classname="Amezontest.TestNG" name="VerifyAmezonLogo" time="9.122"/>
  <system-out/>
  <testcase classname="Amezontest.TestNG" name="VerifyAccandList" time="9.648"/>
  <system-out/>
</testsuite> <!-- Amezontest.TestNG -->
